[2020-06-26 14:01:47][lz8nJngerG8YUkQBXkx2PJjyruUE1p9U] Processing: App\Listeners\SendContactEmailListener
[2020-06-26 14:02:02][lz8nJngerG8YUkQBXkx2PJjyruUE1p9U] Processed:  App\Listeners\SendContactEmailListener
[2020-06-26 14:04:02][mgjEWvcMerKU7vHuWuIt4XcSvDTtDudJ] Processing: App\Listeners\SendContactEmailListener
[2020-06-26 14:04:12][mgjEWvcMerKU7vHuWuIt4XcSvDTtDudJ] Processed:  App\Listeners\SendContactEmailListener
[2020-06-26 14:05:05][KrGSDsOGyzYMTcQdDpvm67dsPH4zHAiN] Processing: App\Listeners\SendServicesEmailListener
[2020-06-26 14:05:15][KrGSDsOGyzYMTcQdDpvm67dsPH4zHAiN] Processed:  App\Listeners\SendServicesEmailListener
[2020-06-26 14:11:04][P1r3JQ5tw8p7TPPIKQEF1R5iEEc8fDDd] Processing: App\Listeners\SendServicesEmailListener
[2020-06-26 14:11:15][P1r3JQ5tw8p7TPPIKQEF1R5iEEc8fDDd] Processed:  App\Listeners\SendServicesEmailListener
[2020-06-26 14:18:21][MZlYVqCLDNemT1gBceDrLbMDJL9PJhJT] Processing: App\Listeners\SendServicesEmailListener
[2020-06-26 14:18:31][MZlYVqCLDNemT1gBceDrLbMDJL9PJhJT] Processed:  App\Listeners\SendServicesEmailListener
[2020-06-26 14:21:11][txFouKhNOTuCo89AyLHbC5UNhPGJTKRP] Processing: App\Listeners\SendContactEmailListener
[2020-06-26 14:21:21][txFouKhNOTuCo89AyLHbC5UNhPGJTKRP] Processed:  App\Listeners\SendContactEmailListener
[2020-06-26 14:22:20][ov7WENAU59TIBmLk4GhRLrNdifiz7bmI] Processing: App\Listeners\SendContactEmailListener
[2020-06-26 14:22:30][ov7WENAU59TIBmLk4GhRLrNdifiz7bmI] Processed:  App\Listeners\SendContactEmailListener
[2020-06-26 14:25:57][Q0xAhRkgJNuHsW4LZAHhhuCYt81hspac] Processing: App\Listeners\SendContactEmailListener
[2020-06-26 14:26:01][Q0xAhRkgJNuHsW4LZAHhhuCYt81hspac] Processed:  App\Listeners\SendContactEmailListener
[2020-06-26 14:28:49][UbCnoWOcsxpBCyUYqAzzdhXMBhgZDfpM] Processing: App\Listeners\SendApplicationListener
[2020-06-26 14:28:53][UbCnoWOcsxpBCyUYqAzzdhXMBhgZDfpM] Processed:  App\Listeners\SendApplicationListener
[2020-06-29 03:37:48][hzAZXKFP2mzRxv8xqP7FN3Us8U246D3X] Processing: App\Listeners\SendServicesEmailListener
[2020-06-29 03:37:53][hzAZXKFP2mzRxv8xqP7FN3Us8U246D3X] Processed:  App\Listeners\SendServicesEmailListener
